Using pre-set license
Built from '2021.1/release' branch; Version is '2021.1.10f1 (b15f561b2cef) revision 11624278'; Using compiler version '192528614'; Build Type 'Release'
OS: 'Windows 10 Pro; OS build 19041.985; Version 2004; 64bit' Language: 'en' Physical Memory: 16335 MB
BatchMode: 1, IsHumanControllingUs: 0, StartBugReporterOnCrash: 0, Is64bit: 1, IsPro: 0

 COMMAND LINE ARGUMENTS:
C:\Program Files\Unity\Hub\Editor\2021.1.10f1\Editor\Unity.exe
-adb2
-batchMode
-noUpm
-name
AssetImportWorker0
-projectPath
C:/Users/Harry/Documents/GitHub/LuckOfTheDraw/LuckOfTheDraw
-logFile
Logs/AssetImportWorker0.log
-srvPort
61273
Successfully changed project path to: C:/Users/Harry/Documents/GitHub/LuckOfTheDraw/LuckOfTheDraw
C:/Users/Harry/Documents/GitHub/LuckOfTheDraw/LuckOfTheDraw
Using Asset Import Pipeline V2.
Refreshing native plugins compatible for Editor in 29.11 ms, found 2 plugins.
Preloading 0 native plugins for Editor in 0.00 ms.
Initialize engine version: 2021.1.10f1 (b15f561b2cef)
[Subsystems] Discovering subsystems at path C:/Program Files/Unity/Hub/Editor/2021.1.10f1/Editor/Data/Resources/UnitySubsystems
[Subsystems] Discovering subsystems at path C:/Users/Harry/Documents/GitHub/LuckOfTheDraw/LuckOfTheDraw/Assets
GfxDevice: creating device client; threaded=0; jobified=0
Direct3D:
    Version:  Direct3D 11.0 [level 11.1]
    Renderer: NVIDIA GeForce GTX 1070 (ID=0x1b81)
    Vendor:   NVIDIA
    VRAM:     8088 MB
    Driver:   27.21.14.6647
Initialize mono
Mono path[0] = 'C:/Program Files/Unity/Hub/Editor/2021.1.10f1/Editor/Data/Managed'
Mono path[1] = 'C:/Program Files/Unity/Hub/Editor/2021.1.10f1/Editor/Data/MonoBleedingEdge/lib/mono/unityjit'
Mono config path = 'C:/Program Files/Unity/Hub/Editor/2021.1.10f1/Editor/Data/MonoBleedingEdge/etc'
Using monoOptions --debugger-agent=transport=dt_socket,embedding=1,server=y,suspend=n,address=127.0.0.1:56720
Begin MonoManager ReloadAssembly
Registering precompiled unity dll's ...
Register platform support module: C:/Program Files/Unity/Hub/Editor/2021.1.10f1/Editor/Data/PlaybackEngines/WindowsStandaloneSupport/UnityEditor.WindowsStandalone.Extensions.dll
Registered in 0.002287 seconds.
Native extension for WindowsStandalone target not found
Refreshing native plugins compatible for Editor in 27.90 ms, found 2 plugins.
Preloading 0 native plugins for Editor in 0.00 ms.
Mono: successfully reloaded assembly
- Completed reload, in  1.619 seconds
Domain Reload Profiling:
	ReloadAssembly (1619ms)
		BeginReloadAssembly (59ms)
			ExecutionOrderSort (0ms)
			DisableScriptedObjects (0ms)
			BackupInstance (0ms)
			ReleaseScriptingObjects (0ms)
			CreateAndSetChildDomain (1ms)
		EndReloadAssembly (436ms)
			LoadAssemblies (56ms)
			RebuildTransferFunctionScriptingTraits (0ms)
			SetupTypeCache (182ms)
			ReleaseScriptCaches (0ms)
			RebuildScriptCaches (32ms)
			SetupLoadedEditorAssemblies (173ms)
				LogAssemblyErrors (0ms)
				InitializePlatformSupportModulesInManaged (6ms)
				SetLoadedEditorAssemblies (0ms)
				RefreshPlugins (28ms)
				BeforeProcessingInitializeOnLoad (1ms)
				ProcessInitializeOnLoadAttributes (105ms)
				ProcessInitializeOnLoadMethodAttributes (32ms)
				AfterProcessingInitializeOnLoad (0ms)
				EditorAssembliesLoaded (0ms)
			ExecutionOrderSort2 (0ms)
			AwakeInstancesAfterBackupRestoration (0ms)
Platform modules already initialized, skipping
Registering precompiled user dll's ...
Registered in 0.004443 seconds.
Begin MonoManager ReloadAssembly
Native extension for WindowsStandalone target not found
Refreshing native plugins compatible for Editor in 0.29 ms, found 2 plugins.
Preloading 0 native plugins for Editor in 0.00 ms.
Mono: successfully reloaded assembly
- Completed reload, in  1.042 seconds
Domain Reload Profiling:
	ReloadAssembly (1043ms)
		BeginReloadAssembly (155ms)
			ExecutionOrderSort (0ms)
			DisableScriptedObjects (5ms)
			BackupInstance (0ms)
			ReleaseScriptingObjects (0ms)
			CreateAndSetChildDomain (22ms)
		EndReloadAssembly (816ms)
			LoadAssemblies (84ms)
			RebuildTransferFunctionScriptingTraits (0ms)
			SetupTypeCache (291ms)
			ReleaseScriptCaches (0ms)
			RebuildScriptCaches (42ms)
			SetupLoadedEditorAssemblies (300ms)
				LogAssemblyErrors (0ms)
				InitializePlatformSupportModulesInManaged (5ms)
				SetLoadedEditorAssemblies (0ms)
				RefreshPlugins (0ms)
				BeforeProcessingInitializeOnLoad (48ms)
				ProcessInitializeOnLoadAttributes (233ms)
				ProcessInitializeOnLoadMethodAttributes (5ms)
				AfterProcessingInitializeOnLoad (7ms)
				EditorAssembliesLoaded (0ms)
			ExecutionOrderSort2 (0ms)
			AwakeInstancesAfterBackupRestoration (7ms)
Platform modules already initialized, skipping
========================================================================
Worker process is ready to serve import requests
Launched and connected shader compiler UnityShaderCompiler.exe after 0.05 seconds
Refreshing native plugins compatible for Editor in 0.33 ms, found 2 plugins.
Preloading 0 native plugins for Editor in 0.00 ms.
Unloading 1451 Unused Serialized files (Serialized files now loaded: 0)
System memory in use before: 88.6 MB.
System memory in use after: 88.6 MB.

Unloading 18 unused Assets to reduce memory usage. Loaded Objects now: 1924.
Total: 2.428200 ms (FindLiveObjects: 0.114700 ms CreateObjectMapping: 0.040100 ms MarkObjects: 2.152200 ms  DeleteObjects: 0.120200 ms)

AssetImportParameters requested are different than current active one (requested -> active):
  custom:framework-win-MediaFoundation: 216162199b28c13a410421893ffa2e32 -> 
  custom:video-decoder-ogg-theora: a1e56fd34408186e4bbccfd4996cb3dc -> 
  custom:container-muxer-webm: aa71ff27fc2769a1b78a27578f13a17b -> 
  custom:container-demuxer-webm: 4f35f7cbe854078d1ac9338744f61a02 -> 
  custom:container-demuxer-ogg: 62fdf1f143b41e24485cea50d1cbac27 -> 
  custom:video-encoder-webm-vp8: eb34c28f22e8b96e1ab97ce403110664 -> 
  custom:video-codec-MediaFoundation-h265: 746d11721c4dcdbdad8f713fa42b33f4 -> 
  custom:video-decoder-webm-vp8: 9c59270c3fd7afecdb556c50c9e8de78 -> 
  custom:audio-decoder-ogg-vorbis: bf7c407c2cedff20999df2af8eb42d56 -> 
  custom:audio-encoder-webm-vorbis: bf7c407c2cedff20999df2af8eb42d56 -> 
========================================================================
Received Import Request.
  path: Assets/SnapshotShaders/Prefabs/SnapshotModeCanvas.prefab
  artifactKey: Guid(3a9765b469d010f4da2f7ecc008810d1) Importer(815301076,1909f56bfc062723c751e8b465ee728b)
Start importing Assets/SnapshotShaders/Prefabs/SnapshotModeCanvas.prefab using Guid(3a9765b469d010f4da2f7ecc008810d1) Importer(815301076,1909f56bfc062723c751e8b465ee728b)  -> (artifact id: '4e00029fa564a74401b7a38a83e05f23') in 0.069187 seconds 
========================================================================
Received Import Request.
  Time since last request: 88.503098 seconds.
  path: Assets/Scenes/lvl1.unity
  artifactKey: Guid(7396861d2a076e6409ee5d8581440f79) Importer(815301076,1909f56bfc062723c751e8b465ee728b)
Start importing Assets/Scenes/lvl1.unity using Guid(7396861d2a076e6409ee5d8581440f79) Importer(815301076,1909f56bfc062723c751e8b465ee728b)  -> (artifact id: '5c49b65636d392c7785e3c7f239d3226') in 0.010135 seconds 
========================================================================
Received Prepare
Registering precompiled user dll's ...
Registered in 0.004459 seconds.
Begin MonoManager ReloadAssembly
Native extension for WindowsStandalone target not found
Refreshing native plugins compatible for Editor in 0.31 ms, found 2 plugins.
Preloading 0 native plugins for Editor in 0.00 ms.
Mono: successfully reloaded assembly
- Completed reload, in  0.994 seconds
Domain Reload Profiling:
	ReloadAssembly (995ms)
		BeginReloadAssembly (127ms)
			ExecutionOrderSort (0ms)
			DisableScriptedObjects (5ms)
			BackupInstance (0ms)
			ReleaseScriptingObjects (0ms)
			CreateAndSetChildDomain (40ms)
		EndReloadAssembly (803ms)
			LoadAssemblies (87ms)
			RebuildTransferFunctionScriptingTraits (0ms)
			SetupTypeCache (284ms)
			ReleaseScriptCaches (2ms)
			RebuildScriptCaches (44ms)
			SetupLoadedEditorAssemblies (281ms)
				LogAssemblyErrors (0ms)
				InitializePlatformSupportModulesInManaged (9ms)
				SetLoadedEditorAssemblies (0ms)
				RefreshPlugins (0ms)
				BeforeProcessingInitializeOnLoad (47ms)
				ProcessInitializeOnLoadAttributes (213ms)
				ProcessInitializeOnLoadMethodAttributes (5ms)
				AfterProcessingInitializeOnLoad (7ms)
				EditorAssembliesLoaded (0ms)
			ExecutionOrderSort2 (0ms)
			AwakeInstancesAfterBackupRestoration (8ms)
Platform modules already initialized, skipping
Refreshing native plugins compatible for Editor in 0.31 ms, found 2 plugins.
Preloading 0 native plugins for Editor in 0.00 ms.
Unloading 1427 Unused Serialized files (Serialized files now loaded: 0)
System memory in use before: 86.8 MB.
System memory in use after: 86.8 MB.

Unloading 14 unused Assets to reduce memory usage. Loaded Objects now: 1929.
Total: 3.620400 ms (FindLiveObjects: 0.132600 ms CreateObjectMapping: 0.049300 ms MarkObjects: 3.381200 ms  DeleteObjects: 0.055600 ms)

AssetImportParameters requested are different than current active one (requested -> active):
  custom:framework-win-MediaFoundation: 216162199b28c13a410421893ffa2e32 -> 
  custom:video-decoder-ogg-theora: a1e56fd34408186e4bbccfd4996cb3dc -> 
  custom:container-muxer-webm: aa71ff27fc2769a1b78a27578f13a17b -> 
  custom:container-demuxer-webm: 4f35f7cbe854078d1ac9338744f61a02 -> 
  custom:container-demuxer-ogg: 62fdf1f143b41e24485cea50d1cbac27 -> 
  custom:video-encoder-webm-vp8: eb34c28f22e8b96e1ab97ce403110664 -> 
  custom:video-codec-MediaFoundation-h265: 746d11721c4dcdbdad8f713fa42b33f4 -> 
  custom:video-decoder-webm-vp8: 9c59270c3fd7afecdb556c50c9e8de78 -> 
  custom:audio-decoder-ogg-vorbis: bf7c407c2cedff20999df2af8eb42d56 -> 
  custom:audio-encoder-webm-vorbis: bf7c407c2cedff20999df2af8eb42d56 -> 
========================================================================
Received Import Request.
  Time since last request: 85.022204 seconds.
  path: Assets/Scenes/graphicstestscene.unity
  artifactKey: Guid(2e61a14d73789004f906803fa6ba32de) Importer(815301076,1909f56bfc062723c751e8b465ee728b)
Start importing Assets/Scenes/graphicstestscene.unity using Guid(2e61a14d73789004f906803fa6ba32de) Importer(815301076,1909f56bfc062723c751e8b465ee728b)  -> (artifact id: '8aea54db612763ab9d2b2f58e7744966') in 0.018113 seconds 
========================================================================
Received Prepare
Registering precompiled user dll's ...
Registered in 0.004378 seconds.
Begin MonoManager ReloadAssembly
Native extension for WindowsStandalone target not found
Refreshing native plugins compatible for Editor in 0.29 ms, found 2 plugins.
Preloading 0 native plugins for Editor in 0.00 ms.
Mono: successfully reloaded assembly
- Completed reload, in  1.042 seconds
Domain Reload Profiling:
	ReloadAssembly (1042ms)
		BeginReloadAssembly (128ms)
			ExecutionOrderSort (0ms)
			DisableScriptedObjects (5ms)
			BackupInstance (0ms)
			ReleaseScriptingObjects (0ms)
			CreateAndSetChildDomain (39ms)
		EndReloadAssembly (851ms)
			LoadAssemblies (86ms)
			RebuildTransferFunctionScriptingTraits (0ms)
			SetupTypeCache (280ms)
			ReleaseScriptCaches (1ms)
			RebuildScriptCaches (42ms)
			SetupLoadedEditorAssemblies (310ms)
				LogAssemblyErrors (0ms)
				InitializePlatformSupportModulesInManaged (7ms)
				SetLoadedEditorAssemblies (0ms)
				RefreshPlugins (0ms)
				BeforeProcessingInitializeOnLoad (53ms)
				ProcessInitializeOnLoadAttributes (236ms)
				ProcessInitializeOnLoadMethodAttributes (5ms)
				AfterProcessingInitializeOnLoad (9ms)
				EditorAssembliesLoaded (0ms)
			ExecutionOrderSort2 (0ms)
			AwakeInstancesAfterBackupRestoration (9ms)
Platform modules already initialized, skipping
Refreshing native plugins compatible for Editor in 0.31 ms, found 2 plugins.
Preloading 0 native plugins for Editor in 0.00 ms.
Unloading 1427 Unused Serialized files (Serialized files now loaded: 0)
System memory in use before: 86.8 MB.
System memory in use after: 86.9 MB.

Unloading 14 unused Assets to reduce memory usage. Loaded Objects now: 1932.
Total: 1.930600 ms (FindLiveObjects: 0.135300 ms CreateObjectMapping: 0.050800 ms MarkObjects: 1.684600 ms  DeleteObjects: 0.058700 ms)

AssetImportParameters requested are different than current active one (requested -> active):
  custom:framework-win-MediaFoundation: 216162199b28c13a410421893ffa2e32 -> 
  custom:video-decoder-ogg-theora: a1e56fd34408186e4bbccfd4996cb3dc -> 
  custom:container-muxer-webm: aa71ff27fc2769a1b78a27578f13a17b -> 
  custom:container-demuxer-webm: 4f35f7cbe854078d1ac9338744f61a02 -> 
  custom:container-demuxer-ogg: 62fdf1f143b41e24485cea50d1cbac27 -> 
  custom:video-encoder-webm-vp8: eb34c28f22e8b96e1ab97ce403110664 -> 
  custom:video-codec-MediaFoundation-h265: 746d11721c4dcdbdad8f713fa42b33f4 -> 
  custom:video-decoder-webm-vp8: 9c59270c3fd7afecdb556c50c9e8de78 -> 
  custom:audio-decoder-ogg-vorbis: bf7c407c2cedff20999df2af8eb42d56 -> 
  custom:audio-encoder-webm-vorbis: bf7c407c2cedff20999df2af8eb42d56 -> 
========================================================================
Received Import Request.
  Time since last request: 324.885247 seconds.
  path: Assets/Materials/New Material 1.mat
  artifactKey: Guid(d185b007c28178947b7f087cca8c2788) Importer(815301076,1909f56bfc062723c751e8b465ee728b)
Start importing Assets/Materials/New Material 1.mat using Guid(d185b007c28178947b7f087cca8c2788) Importer(815301076,1909f56bfc062723c751e8b465ee728b)  -> (artifact id: 'f4d211c5475fd1593be4211589719aca') in 0.096505 seconds 
========================================================================
Received Import Request.
  Time since last request: 0.000260 seconds.
  path: Assets/Materials/New Material 3.mat
  artifactKey: Guid(f1c7651999101574aa061d5a83ec087e) Importer(815301076,1909f56bfc062723c751e8b465ee728b)
Start importing Assets/Materials/New Material 3.mat using Guid(f1c7651999101574aa061d5a83ec087e) Importer(815301076,1909f56bfc062723c751e8b465ee728b)  -> (artifact id: '6594f34811f3d8a49338caf6d1eba91d') in 0.136890 seconds 
========================================================================
Received Import Request.
  Time since last request: 0.000213 seconds.
  path: Assets/Materials/New Material.mat
  artifactKey: Guid(06fa1958ddb0e5444abe29730eb4e100) Importer(815301076,1909f56bfc062723c751e8b465ee728b)
Start importing Assets/Materials/New Material.mat using Guid(06fa1958ddb0e5444abe29730eb4e100) Importer(815301076,1909f56bfc062723c751e8b465ee728b)  -> (artifact id: '0ccaca781318c763a1d537bab94fc46e') in 0.029089 seconds 
========================================================================
Received Import Request.
  Time since last request: 0.000171 seconds.
  path: Assets/Materials/New Material 2.mat
  artifactKey: Guid(eac130925600a9047834529fab2cd156) Importer(815301076,1909f56bfc062723c751e8b465ee728b)
Start importing Assets/Materials/New Material 2.mat using Guid(eac130925600a9047834529fab2cd156) Importer(815301076,1909f56bfc062723c751e8b465ee728b)  -> (artifact id: '3465146a4c6eeb7b2ad5462ae9225ed9') in 0.027692 seconds 
========================================================================
Received Import Request.
  Time since last request: 0.000218 seconds.
  path: Assets/Materials/palettemat3.mat
  artifactKey: Guid(fa49d66937a87b24394077f7b6f76b24) Importer(815301076,1909f56bfc062723c751e8b465ee728b)
Start importing Assets/Materials/palettemat3.mat using Guid(fa49d66937a87b24394077f7b6f76b24) Importer(815301076,1909f56bfc062723c751e8b465ee728b)  -> (artifact id: 'b9b8de7f65f9a038636e1a62ba8d4939') in 0.032002 seconds 
========================================================================
Received Import Request.
  Time since last request: 0.000164 seconds.
  path: Assets/Materials/palettemat2.mat
  artifactKey: Guid(fec9fe1fa6c37034fa5a468ea5bf7599) Importer(815301076,1909f56bfc062723c751e8b465ee728b)
Start importing Assets/Materials/palettemat2.mat using Guid(fec9fe1fa6c37034fa5a468ea5bf7599) Importer(815301076,1909f56bfc062723c751e8b465ee728b)  -> (artifact id: '95157a6c248c7d5ba47789af6adbbfce') in 0.031511 seconds 
========================================================================
Received Import Request.
  Time since last request: 0.000080 seconds.
  path: Assets/Materials/palettemat1.mat
  artifactKey: Guid(b09243cde95629d4c81272b4c5b1fdef) Importer(815301076,1909f56bfc062723c751e8b465ee728b)
Start importing Assets/Materials/palettemat1.mat using Guid(b09243cde95629d4c81272b4c5b1fdef) Importer(815301076,1909f56bfc062723c751e8b465ee728b)  -> (artifact id: 'bf49f2a86a0fb2f70e0226c820de1794') in 0.038892 seconds 
========================================================================
Received Import Request.
  Time since last request: 0.364117 seconds.
  path: Assets/Materials/meat1.mat
  artifactKey: Guid(c3992f828958ee14ca1cde82a6e9343f) Importer(815301076,1909f56bfc062723c751e8b465ee728b)
Start importing Assets/Materials/meat1.mat using Guid(c3992f828958ee14ca1cde82a6e9343f) Importer(815301076,1909f56bfc062723c751e8b465ee728b)  -> (artifact id: '92eb9128d831f18182ba9f1c5d04c39d') in 0.012498 seconds 
========================================================================
Received Import Request.
  Time since last request: 0.027985 seconds.
  path: Assets/Materials/meat1 3.mat
  artifactKey: Guid(3bb12adc7e0d5434ba186636d6a43d8b) Importer(815301076,1909f56bfc062723c751e8b465ee728b)
Start importing Assets/Materials/meat1 3.mat using Guid(3bb12adc7e0d5434ba186636d6a43d8b) Importer(815301076,1909f56bfc062723c751e8b465ee728b)  -> (artifact id: '4bc50419e9d51b1243162dfe5d850731') in 0.012395 seconds 
========================================================================
Received Import Request.
  Time since last request: 0.392294 seconds.
  path: Assets/Materials/meat1 2.mat
  artifactKey: Guid(aa72847faa9eca74db7957d47f8d8603) Importer(815301076,1909f56bfc062723c751e8b465ee728b)
Start importing Assets/Materials/meat1 2.mat using Guid(aa72847faa9eca74db7957d47f8d8603) Importer(815301076,1909f56bfc062723c751e8b465ee728b)  -> (artifact id: 'af36886fadd70bd05edda5a76b2528f2') in 0.025338 seconds 
========================================================================
Received Import Request.
  Time since last request: 0.083766 seconds.
  path: Assets/Materials/meat1 1.mat
  artifactKey: Guid(f8e95e340fe8e96428d0e5b2bb5f4cf7) Importer(815301076,1909f56bfc062723c751e8b465ee728b)
Start importing Assets/Materials/meat1 1.mat using Guid(f8e95e340fe8e96428d0e5b2bb5f4cf7) Importer(815301076,1909f56bfc062723c751e8b465ee728b)  -> (artifact id: '85655dadc7e3aa5ea252750d2695adb8') in 0.011925 seconds 
========================================================================
Received Import Request.
  Time since last request: 0.821974 seconds.
  path: Assets/Materials/bullet.mat
  artifactKey: Guid(2eccf31e826bfc046898fa0d892f8c48) Importer(815301076,1909f56bfc062723c751e8b465ee728b)
Start importing Assets/Materials/bullet.mat using Guid(2eccf31e826bfc046898fa0d892f8c48) Importer(815301076,1909f56bfc062723c751e8b465ee728b)  -> (artifact id: '70802f6be61cbcf66c084b4c7252645c') in 0.024345 seconds 
========================================================================
Received Import Request.
  Time since last request: 54.287355 seconds.
  path: Assets/Imports/roborto.fbx
  artifactKey: Guid(ef5e36134559b1846964c8b2489a9bc9) Importer(815301076,1909f56bfc062723c751e8b465ee728b)
Start importing Assets/Imports/roborto.fbx using Guid(ef5e36134559b1846964c8b2489a9bc9) Importer(815301076,1909f56bfc062723c751e8b465ee728b)  -> (artifact id: '397757add4a93af832e0c9d85e09f359') in 0.529913 seconds 
========================================================================
Received Import Request.
  Time since last request: 0.000184 seconds.
  path: Assets/SnapshotShaders/Scenes/Models/Crystal.fbx
  artifactKey: Guid(40aeb8eb3c8e4504d9baad9eea3ab43b) Importer(815301076,1909f56bfc062723c751e8b465ee728b)
Start importing Assets/SnapshotShaders/Scenes/Models/Crystal.fbx using Guid(40aeb8eb3c8e4504d9baad9eea3ab43b) Importer(815301076,1909f56bfc062723c751e8b465ee728b)  -> (artifact id: '861124ce9fd2eb259e13ad52e08e14f3') in 0.029995 seconds 
========================================================================
Received Import Request.
  Time since last request: 0.000204 seconds.
  path: Assets/Imports/cape.fbx
  artifactKey: Guid(88fa80eba84f3454981c50b793feaed2) Importer(815301076,1909f56bfc062723c751e8b465ee728b)
Start importing Assets/Imports/cape.fbx using Guid(88fa80eba84f3454981c50b793feaed2) Importer(815301076,1909f56bfc062723c751e8b465ee728b)  -> (artifact id: '2ac1ad9e77c4f39a060ffcfde76addd3') in 0.031186 seconds 
========================================================================
Received Import Request.
  Time since last request: 0.000169 seconds.
  path: Assets/ondlman2.fbx
  artifactKey: Guid(998dfe7891ccbfb4d90a31c082754b1e) Importer(815301076,1909f56bfc062723c751e8b465ee728b)
Start importing Assets/ondlman2.fbx using Guid(998dfe7891ccbfb4d90a31c082754b1e) Importer(815301076,1909f56bfc062723c751e8b465ee728b)  -> (artifact id: '6b28433bb1278db2fa51addeee0b220f') in 0.080579 seconds 
========================================================================
Received Import Request.
  Time since last request: 0.000236 seconds.
  path: Assets/terrainm.fbx
  artifactKey: Guid(b36286402ec017b47820fcc6cb9bba57) Importer(815301076,1909f56bfc062723c751e8b465ee728b)
Start importing Assets/terrainm.fbx using Guid(b36286402ec017b47820fcc6cb9bba57) Importer(815301076,1909f56bfc062723c751e8b465ee728b)  -> (artifact id: '38c8e9759671ed683fdb8f8a48c674b1') in 0.026114 seconds 
========================================================================
Received Import Request.
  Time since last request: 0.000184 seconds.
  path: Assets/coat.fbx
  artifactKey: Guid(696f4def318b174468693a3ff835c8a6) Importer(815301076,1909f56bfc062723c751e8b465ee728b)
Start importing Assets/coat.fbx using Guid(696f4def318b174468693a3ff835c8a6) Importer(815301076,1909f56bfc062723c751e8b465ee728b)  -> (artifact id: '1085990fc56de25268e66b8a937fd8cc') in 0.024191 seconds 
========================================================================
Received Import Request.
  Time since last request: 0.000195 seconds.
  path: Assets/Imports/tumblebleed.fbx
  artifactKey: Guid(cf632ffb5f74d6d4a990aa2223c90926) Importer(815301076,1909f56bfc062723c751e8b465ee728b)
Start importing Assets/Imports/tumblebleed.fbx using Guid(cf632ffb5f74d6d4a990aa2223c90926) Importer(815301076,1909f56bfc062723c751e8b465ee728b)  -> (artifact id: '07b53a604494cb62ea4e99e13e220fc3') in 0.091794 seconds 
========================================================================
Received Import Request.
  Time since last request: 0.000166 seconds.
  path: Assets/OLDHEAD.fbx
  artifactKey: Guid(cf0332612031ef447a99c555d7002d33) Importer(815301076,1909f56bfc062723c751e8b465ee728b)
Start importing Assets/OLDHEAD.fbx using Guid(cf0332612031ef447a99c555d7002d33) Importer(815301076,1909f56bfc062723c751e8b465ee728b)  -> (artifact id: '52fa695ed2246f844d0c503c8aaf2e53') in 0.026200 seconds 
========================================================================
Received Import Request.
  Time since last request: 0.000176 seconds.
  path: Assets/froggo.fbx
  artifactKey: Guid(024c8c8cdf1ac07498d279c4784fd612) Importer(815301076,1909f56bfc062723c751e8b465ee728b)
Start importing Assets/froggo.fbx using Guid(024c8c8cdf1ac07498d279c4784fd612) Importer(815301076,1909f56bfc062723c751e8b465ee728b)  -> (artifact id: 'd2e2db787d65c48577fa3e1d4a59eafb') in 0.079378 seconds 
========================================================================
Received Import Request.
  Time since last request: 0.000178 seconds.
  path: Assets/Imports/ondlmanr.fbx
  artifactKey: Guid(1dcd6f2c1b2a6e44d8652647109c2bc3) Importer(815301076,1909f56bfc062723c751e8b465ee728b)
Start importing Assets/Imports/ondlmanr.fbx using Guid(1dcd6f2c1b2a6e44d8652647109c2bc3) Importer(815301076,1909f56bfc062723c751e8b465ee728b)  -> (artifact id: 'd7338f53f7e1ea39bce1ab120285bce2') in 0.046847 seconds 
========================================================================
Received Import Request.
  Time since last request: 0.000202 seconds.
  path: Assets/ondlmane.fbx
  artifactKey: Guid(08c03683857401a4aad0dc6937b5ad56) Importer(815301076,1909f56bfc062723c751e8b465ee728b)
Start importing Assets/ondlmane.fbx using Guid(08c03683857401a4aad0dc6937b5ad56) Importer(815301076,1909f56bfc062723c751e8b465ee728b)  -> (artifact id: 'a5d881518fcb81af355969f3462a05a4') in 0.044823 seconds 
========================================================================
Received Import Request.
  Time since last request: 0.000159 seconds.
  path: Assets/Imports/ondlman1.fbx
  artifactKey: Guid(eb9bfde3cb19ad341815e2c58a354080) Importer(815301076,1909f56bfc062723c751e8b465ee728b)
Start importing Assets/Imports/ondlman1.fbx using Guid(eb9bfde3cb19ad341815e2c58a354080) Importer(815301076,1909f56bfc062723c751e8b465ee728b)  -> (artifact id: '2b928c431d4a4b4f5603eaed3b00e029') in 0.052588 seconds 
========================================================================
Received Import Request.
  Time since last request: 2.713567 seconds.
  path: Assets/SnapshotShaders/Scenes/Models/LevelGeom.obj
  artifactKey: Guid(bce72156ec7f32943bf570e2ef2bd78a) Importer(815301076,1909f56bfc062723c751e8b465ee728b)
Start importing Assets/SnapshotShaders/Scenes/Models/LevelGeom.obj using Guid(bce72156ec7f32943bf570e2ef2bd78a) Importer(815301076,1909f56bfc062723c751e8b465ee728b)  -> (artifact id: '486697409423d8f7fe7115a7754db7c0') in 0.056071 seconds 
========================================================================
Received Prepare
Registering precompiled user dll's ...
Registered in 0.004101 seconds.
Begin MonoManager ReloadAssembly
Native extension for WindowsStandalone target not found
Refreshing native plugins compatible for Editor in 0.30 ms, found 2 plugins.
Preloading 0 native plugins for Editor in 0.00 ms.
Mono: successfully reloaded assembly
- Completed reload, in  0.952 seconds
Domain Reload Profiling:
	ReloadAssembly (953ms)
		BeginReloadAssembly (118ms)
			ExecutionOrderSort (0ms)
			DisableScriptedObjects (4ms)
			BackupInstance (0ms)
			ReleaseScriptingObjects (0ms)
			CreateAndSetChildDomain (30ms)
		EndReloadAssembly (773ms)
			LoadAssemblies (89ms)
			RebuildTransferFunctionScriptingTraits (0ms)
			SetupTypeCache (267ms)
			ReleaseScriptCaches (1ms)
			RebuildScriptCaches (41ms)
			SetupLoadedEditorAssemblies (285ms)
				LogAssemblyErrors (0ms)
				InitializePlatformSupportModulesInManaged (5ms)
				SetLoadedEditorAssemblies (1ms)
				RefreshPlugins (0ms)
				BeforeProcessingInitializeOnLoad (47ms)
				ProcessInitializeOnLoadAttributes (220ms)
				ProcessInitializeOnLoadMethodAttributes (4ms)
				AfterProcessingInitializeOnLoad (7ms)
				EditorAssembliesLoaded (0ms)
			ExecutionOrderSort2 (0ms)
			AwakeInstancesAfterBackupRestoration (7ms)
Platform modules already initialized, skipping
Refreshing native plugins compatible for Editor in 0.31 ms, found 2 plugins.
Preloading 0 native plugins for Editor in 0.00 ms.
Unloading 1427 Unused Serialized files (Serialized files now loaded: 0)
System memory in use before: 105.0 MB.
System memory in use after: 105.0 MB.

Unloading 15 unused Assets to reduce memory usage. Loaded Objects now: 1979.
Total: 2.891600 ms (FindLiveObjects: 0.136700 ms CreateObjectMapping: 0.052300 ms MarkObjects: 2.641200 ms  DeleteObjects: 0.060100 ms)

AssetImportParameters requested are different than current active one (requested -> active):
  custom:framework-win-MediaFoundation: 216162199b28c13a410421893ffa2e32 -> 
  custom:video-decoder-ogg-theora: a1e56fd34408186e4bbccfd4996cb3dc -> 
  custom:container-muxer-webm: aa71ff27fc2769a1b78a27578f13a17b -> 
  custom:container-demuxer-webm: 4f35f7cbe854078d1ac9338744f61a02 -> 
  custom:container-demuxer-ogg: 62fdf1f143b41e24485cea50d1cbac27 -> 
  custom:video-encoder-webm-vp8: eb34c28f22e8b96e1ab97ce403110664 -> 
  custom:video-codec-MediaFoundation-h265: 746d11721c4dcdbdad8f713fa42b33f4 -> 
  custom:video-decoder-webm-vp8: 9c59270c3fd7afecdb556c50c9e8de78 -> 
  custom:audio-decoder-ogg-vorbis: bf7c407c2cedff20999df2af8eb42d56 -> 
  custom:audio-encoder-webm-vorbis: bf7c407c2cedff20999df2af8eb42d56 -> 
========================================================================
Received Import Request.
  Time since last request: 32.294179 seconds.
  path: Assets/Imports/babel.png
  artifactKey: Guid(1acec6344caa3994cabfb94790ab18eb) Importer(815301076,1909f56bfc062723c751e8b465ee728b)
Start importing Assets/Imports/babel.png using Guid(1acec6344caa3994cabfb94790ab18eb) Importer(815301076,1909f56bfc062723c751e8b465ee728b)  -> (artifact id: '50101de828e2d82b594a3f06033ef7dd') in 0.084523 seconds 
========================================================================
Received Import Request.
  Time since last request: 0.000302 seconds.
  path: Assets/Imports/Color Hunt Palette 264452.png
  artifactKey: Guid(5546a722b2b3ebb49a53af2e439d81b9) Importer(815301076,1909f56bfc062723c751e8b465ee728b)
Start importing Assets/Imports/Color Hunt Palette 264452.png using Guid(5546a722b2b3ebb49a53af2e439d81b9) Importer(815301076,1909f56bfc062723c751e8b465ee728b)  -> (artifact id: '8341c39ff523b4cebf0969af0fb0de57') in 0.041052 seconds 
========================================================================
Received Import Request.
  Time since last request: 0.000081 seconds.
  path: Assets/Imports/fangs.png
  artifactKey: Guid(38b4e6245b9658447b80994e96ded1ce) Importer(815301076,1909f56bfc062723c751e8b465ee728b)
Start importing Assets/Imports/fangs.png using Guid(38b4e6245b9658447b80994e96ded1ce) Importer(815301076,1909f56bfc062723c751e8b465ee728b)  -> (artifact id: '8146282c0445227a03d7b1ec867f51e2') in 0.022249 seconds 
========================================================================
Received Prepare
Registering precompiled user dll's ...
Registered in 0.004254 seconds.
Begin MonoManager ReloadAssembly
Native extension for WindowsStandalone target not found
Refreshing native plugins compatible for Editor in 0.29 ms, found 2 plugins.
Preloading 0 native plugins for Editor in 0.00 ms.
Mono: successfully reloaded assembly
- Completed reload, in  1.118 seconds
Domain Reload Profiling:
	ReloadAssembly (1118ms)
		BeginReloadAssembly (136ms)
			ExecutionOrderSort (0ms)
			DisableScriptedObjects (5ms)
			BackupInstance (0ms)
			ReleaseScriptingObjects (0ms)
			CreateAndSetChildDomain (38ms)
		EndReloadAssembly (900ms)
			LoadAssemblies (106ms)
			RebuildTransferFunctionScriptingTraits (0ms)
			SetupTypeCache (312ms)
			ReleaseScriptCaches (1ms)
			RebuildScriptCaches (43ms)
			SetupLoadedEditorAssemblies (337ms)
				LogAssemblyErrors (0ms)
				InitializePlatformSupportModulesInManaged (5ms)
				SetLoadedEditorAssemblies (0ms)
				RefreshPlugins (0ms)
				BeforeProcessingInitializeOnLoad (46ms)
				ProcessInitializeOnLoadAttributes (273ms)
				ProcessInitializeOnLoadMethodAttributes (5ms)
				AfterProcessingInitializeOnLoad (8ms)
				EditorAssembliesLoaded (0ms)
			ExecutionOrderSort2 (0ms)
			AwakeInstancesAfterBackupRestoration (14ms)
Platform modules already initialized, skipping
Refreshing native plugins compatible for Editor in 0.34 ms, found 2 plugins.
Preloading 0 native plugins for Editor in 0.00 ms.
Unloading 1430 Unused Serialized files (Serialized files now loaded: 0)
System memory in use before: 107.1 MB.
System memory in use after: 107.1 MB.

Unloading 14 unused Assets to reduce memory usage. Loaded Objects now: 2031.
Total: 2.122100 ms (FindLiveObjects: 0.162900 ms CreateObjectMapping: 0.048700 ms MarkObjects: 1.859600 ms  DeleteObjects: 0.049900 ms)

AssetImportParameters requested are different than current active one (requested -> active):
  custom:framework-win-MediaFoundation: 216162199b28c13a410421893ffa2e32 -> 
  custom:video-decoder-ogg-theora: a1e56fd34408186e4bbccfd4996cb3dc -> 
  custom:container-muxer-webm: aa71ff27fc2769a1b78a27578f13a17b -> 
  custom:container-demuxer-webm: 4f35f7cbe854078d1ac9338744f61a02 -> 
  custom:container-demuxer-ogg: 62fdf1f143b41e24485cea50d1cbac27 -> 
  custom:video-encoder-webm-vp8: eb34c28f22e8b96e1ab97ce403110664 -> 
  custom:video-codec-MediaFoundation-h265: 746d11721c4dcdbdad8f713fa42b33f4 -> 
  custom:video-decoder-webm-vp8: 9c59270c3fd7afecdb556c50c9e8de78 -> 
  custom:audio-decoder-ogg-vorbis: bf7c407c2cedff20999df2af8eb42d56 -> 
  custom:audio-encoder-webm-vorbis: bf7c407c2cedff20999df2af8eb42d56 -> 
========================================================================
Received Prepare
Registering precompiled user dll's ...
Registered in 0.004584 seconds.
Begin MonoManager ReloadAssembly
Native extension for WindowsStandalone target not found
Refreshing native plugins compatible for Editor in 0.30 ms, found 2 plugins.
Preloading 0 native plugins for Editor in 0.00 ms.
Mono: successfully reloaded assembly
- Completed reload, in  1.071 seconds
Domain Reload Profiling:
	ReloadAssembly (1071ms)
		BeginReloadAssembly (107ms)
			ExecutionOrderSort (0ms)
			DisableScriptedObjects (6ms)
			BackupInstance (0ms)
			ReleaseScriptingObjects (0ms)
			CreateAndSetChildDomain (30ms)
		EndReloadAssembly (903ms)
			LoadAssemblies (82ms)
			RebuildTransferFunctionScriptingTraits (0ms)
			SetupTypeCache (316ms)
			ReleaseScriptCaches (1ms)
			RebuildScriptCaches (50ms)
			SetupLoadedEditorAssemblies (335ms)
				LogAssemblyErrors (0ms)
				InitializePlatformSupportModulesInManaged (6ms)
				SetLoadedEditorAssemblies (0ms)
				RefreshPlugins (0ms)
				BeforeProcessingInitializeOnLoad (65ms)
				ProcessInitializeOnLoadAttributes (251ms)
				ProcessInitializeOnLoadMethodAttributes (4ms)
				AfterProcessingInitializeOnLoad (7ms)
				EditorAssembliesLoaded (0ms)
			ExecutionOrderSort2 (0ms)
			AwakeInstancesAfterBackupRestoration (13ms)
Platform modules already initialized, skipping
Refreshing native plugins compatible for Editor in 0.36 ms, found 2 plugins.
Preloading 0 native plugins for Editor in 0.00 ms.
Unloading 1427 Unused Serialized files (Serialized files now loaded: 0)
System memory in use before: 106.9 MB.
System memory in use after: 107.0 MB.

Unloading 14 unused Assets to reduce memory usage. Loaded Objects now: 2034.
Total: 2.288900 ms (FindLiveObjects: 0.127000 ms CreateObjectMapping: 0.039800 ms MarkObjects: 2.062700 ms  DeleteObjects: 0.058200 ms)

AssetImportParameters requested are different than current active one (requested -> active):
  custom:framework-win-MediaFoundation: 216162199b28c13a410421893ffa2e32 -> 
  custom:video-decoder-ogg-theora: a1e56fd34408186e4bbccfd4996cb3dc -> 
  custom:container-muxer-webm: aa71ff27fc2769a1b78a27578f13a17b -> 
  custom:container-demuxer-webm: 4f35f7cbe854078d1ac9338744f61a02 -> 
  custom:container-demuxer-ogg: 62fdf1f143b41e24485cea50d1cbac27 -> 
  custom:video-encoder-webm-vp8: eb34c28f22e8b96e1ab97ce403110664 -> 
  custom:video-codec-MediaFoundation-h265: 746d11721c4dcdbdad8f713fa42b33f4 -> 
  custom:video-decoder-webm-vp8: 9c59270c3fd7afecdb556c50c9e8de78 -> 
  custom:audio-decoder-ogg-vorbis: bf7c407c2cedff20999df2af8eb42d56 -> 
  custom:audio-encoder-webm-vorbis: bf7c407c2cedff20999df2af8eb42d56 -> 
AssetImportWorkerClient::OnTransportError - code=2 error=End of file
